<?xml version="1.0" encoding="UTF-8"?>
<testsuite xmlns:xsi="http://www.w3.org/2001/XMLSchema-instance" xsi:noNamespaceSchemaLocation="https://maven.apache.org/surefire/maven-surefire-plugin/xsd/surefire-test-report.xsd" name="manager.IssueManagerTest" time="0.155" tests="7" errors="0" skipped="0" failures="0">
  <properties>
[...]
</properties>
  <testcase name="shouldFindAllOppened" classname="manager.IssueManagerTest" time="0.051"/>
  <testcase name="shouldSearchByAssignee" classname="manager.IssueManagerTest" time="0.008"/>
  <testcase name="findByLabel" classname="manager.IssueManagerTest" time="0.003"/>
  <testcase name="findByAssignee" classname="manager.IssueManagerTest" time="0.002"/>
  <testcase name="shouldSearchByAuthor" classname="manager.IssueManagerTest" time="0.001"/>
  <testcase name="shouldGetAllAfterAdding" classname="manager.IssueManagerTest" time="0.002"/>
  <testcase name="shouldFindAllClosed" classname="manager.IssueManagerTest" time="0.003"/>
</testsuite>